[debug] [2023-11-06T16:55:51.019Z] ----------------------------------------------------------------------
[debug] [2023-11-06T16:55:51.020Z] Command:       /usr/local/bin/node /Users/local/Documents/GitHub/beatmania-app-structure/node_modules/.bin/firebase deploy
[debug] [2023-11-06T16:55:51.020Z] CLI Version:   12.4.4
[debug] [2023-11-06T16:55:51.020Z] Platform:      darwin
[debug] [2023-11-06T16:55:51.021Z] Node Version:  v16.16.0
[debug] [2023-11-06T16:55:51.021Z] Time:          Mon Nov 06 2023 17:55:51 GMT+0100 (Central European Standard Time)
[debug] [2023-11-06T16:55:51.021Z] ----------------------------------------------------------------------
[debug] 
[debug] [2023-11-06T16:55:51.062Z] > command requires scopes: ["email","openid","https://www.googleapis.com/auth/cloudplatformprojects.readonly","https://www.googleapis.com/auth/firebase","https://www.googleapis.com/auth/cloud-platform"]
[debug] [2023-11-06T16:55:51.062Z] > authorizing via signed-in user (thebenjaboyy@gmail.com)
[debug] [2023-11-06T16:55:51.062Z] [iam] checking project beatmania-pro for permissions ["firebase.projects.get","firebasehosting.sites.update"]
[debug] [2023-11-06T16:55:51.063Z] >>> [apiv2][query] POST https://cloudresourcemanager.googleapis.com/v1/projects/beatmania-pro:testIamPermissions [none]
[debug] [2023-11-06T16:55:51.063Z] >>> [apiv2][(partial)header] POST https://cloudresourcemanager.googleapis.com/v1/projects/beatmania-pro:testIamPermissions x-goog-quota-user=projects/beatmania-pro
[debug] [2023-11-06T16:55:51.063Z] >>> [apiv2][body] POST https://cloudresourcemanager.googleapis.com/v1/projects/beatmania-pro:testIamPermissions {"permissions":["firebase.projects.get","firebasehosting.sites.update"]}
[debug] [2023-11-06T16:55:52.067Z] <<< [apiv2][status] POST https://cloudresourcemanager.googleapis.com/v1/projects/beatmania-pro:testIamPermissions 200
[debug] [2023-11-06T16:55:52.068Z] <<< [apiv2][body] POST https://cloudresourcemanager.googleapis.com/v1/projects/beatmania-pro:testIamPermissions {"permissions":["firebase.projects.get","firebasehosting.sites.update"]}
[debug] [2023-11-06T16:55:52.068Z] >>> [apiv2][query] GET https://firebase.googleapis.com/v1beta1/projects/beatmania-pro [none]
[debug] [2023-11-06T16:55:52.462Z] <<< [apiv2][status] GET https://firebase.googleapis.com/v1beta1/projects/beatmania-pro 200
[debug] [2023-11-06T16:55:52.463Z] <<< [apiv2][body] GET https://firebase.googleapis.com/v1beta1/projects/beatmania-pro {"projectId":"beatmania-pro","projectNumber":"1014297887808","displayName":"Beatmania-Progress","name":"projects/beatmania-pro","resources":{"hostingSite":"beatmania-pro","realtimeDatabaseInstance":"beatmania-pro-default-rtdb"},"state":"ACTIVE","etag":"1_59441352-c783-42d0-99f1-ff37def1f2b8"}
[info] 
[info] === Deploying to 'beatmania-pro'...
[info] 
[info] i  deploying hosting 
[debug] [2023-11-06T16:55:52.464Z] >>> [apiv2][query] POST https://firebasehosting.googleapis.com/v1beta1/projects/-/sites/beatmania-pro/versions [none]
[debug] [2023-11-06T16:55:52.464Z] >>> [apiv2][body] POST https://firebasehosting.googleapis.com/v1beta1/projects/-/sites/beatmania-pro/versions {"status":"CREATED","labels":{"deployment-tool":"cli-firebase"}}
[debug] [2023-11-06T16:55:53.382Z] <<< [apiv2][status] POST https://firebasehosting.googleapis.com/v1beta1/projects/-/sites/beatmania-pro/versions 200
[debug] [2023-11-06T16:55:53.382Z] <<< [apiv2][body] POST https://firebasehosting.googleapis.com/v1beta1/projects/-/sites/beatmania-pro/versions {"name":"projects/1014297887808/sites/beatmania-pro/versions/dfb5edc9f523b49f","status":"CREATED","config":{},"labels":{"deployment-tool":"cli-firebase"}}
[info] i  hosting[beatmania-pro]: beginning deploy... 
[info] i  hosting[beatmania-pro]: found 36 files in dist 
[debug] [2023-11-06T16:55:53.400Z] [hosting] uploading with 200 concurrency
[debug] [2023-11-06T16:55:53.588Z] [hosting] hash cache [ZGlzdA] stored for 36 files
[debug] [2023-11-06T16:55:53.588Z] [hosting][hash queue][FINAL] {"max":179,"min":1,"avg":49.55555555555556,"active":0,"complete":36,"success":36,"errored":0,"retried":0,"total":36,"elapsed":185}
[debug] [2023-11-06T16:55:53.588Z] >>> [apiv2][query] POST https://firebasehosting.googleapis.com/v1beta1/projects/1014297887808/sites/beatmania-pro/versions/dfb5edc9f523b49f:populateFiles [none]
[debug] [2023-11-06T16:55:53.588Z] >>> [apiv2][body] POST https://firebasehosting.googleapis.com/v1beta1/projects/1014297887808/sites/beatmania-pro/versions/dfb5edc9f523b49f:populateFiles {"files":{"/img/icon-192.png":"1f12328da7e1f0ce8064aeece077ada41d81c8fd4ea2a6f210ad8ce83eec83a1","/img/icon-512.png":"99c87056c05ee7403e8dc3b7ebc425eb2ac3dc9bbd073f1fa5e91ef426b2eae1","/index.html":"95d94498ee39206b9f7a54cda7c94bfdd3036e7affda738fe71c1e3a007134ea","/favicon.ico":"1e71457865f706dc865b49a54a86e193818220d290b30226b6630a42faf1535d","/fonts/fa-regular-400.7346017c.ttf":"4d83ab538acc5f1d26d8111b732c0e75f3faab9d4540747c3e7cbb11786de042","/fonts/fa-regular-400.e2b3a9dc.woff2":"10463810c7ee9d8987df29fd021d5146f1efcb6c864920d5345cfac7ea0cf1ff","/fonts/fa-regular-400.04dd5282.woff":"29ac4f624abed2538116b5422f603b4bed34ed0acc3fbea156431b226a8af5fb","/fonts/fa-regular-400.a0140e7c.eot":"87cefa472c4eb49e13b9b6aab6522615529694253798161224b9b62967a4c2fe","/js/37.e34b0fd6.js":"f99d8944efa7d6e59a2417dec4ef13f934288c6230aed9b54da4f85f09cb6993","/img/logo.bad1349d.svg":"381d84d1c8081522f625690822e51f1be0f492018272d59cfcb0faf8bb434457","/js/172.d9a77aed.js":"ed371f9f74470eba60527f44578ea8d9b17b592c2eb9f5f09188123dbcd3dbcc","/js/514.158d7bd1.js":"765fe180a7b6390338d41325b4c25c8dd24da1b1b9b80e6a111a4673ff5bf06c","/js/819.697d83e5.js":"713bb1f090d3c0461144bfb53fdac8de6db8559eae5d97b7133de9d0cd4ba382","/js/821.d283dc2b.js":"e2faa1b106935b9eba7c20cae72b7ca4305321b2a472eb55464b3ef693b7f353","/img/logo-full.f1ba08b5.svg":"f908c559cc013a807f0e303420c32d5b4087e2177a61028ed0773bb211b1686d","/img/banner-highscore.1f5d13ef.png":"808e0937c2cac4d942a71303fcfbad0bc074eb655714abf4cde0f4cb17d63c2c","/css/514.cb2034f7.css":"ebdad30c5fa08ce1800df3a284e8d8a9f78c4f0dd99654320e3d586f5015a754","/css/819.bec9c5e8.css":"9d01d88bb104f60b69887684fb444626457a1b43f11ac93246ea8152f917de04","/css/37.7568729d.css":"8b9db8a77a16eca4324b48380e55ac4cef78c95942b7fdc353ec5ce1474f55b1","/css/172.a50fd1a5.css":"4895e18dc9253e704b976eab1a4aaca5bc66d29e0b348ba529445161cddba82d","/img/fa-regular-400.ee37fbcc.svg":"ba9b5d118beaca04e1861792b99f07d7ff7c719b4dc7edc3bc57c5aa4b33deb6","/fonts/fa-brands-400.7edea186.woff2":"1806d3e05577044ca9a3df61bf16ecad9a67515604c1fe148da8bcc95eef7a41","/js/app.54287eab.js":"1d06327f504026c03e6b942b0cdec64ea2c25ce3038b36d0331e0b59f9ec3021","/fonts/fa-solid-900.620019ed.woff2":"df3d2a0b949750e1be2d3ea97e362e8fe3f8fa31839a0916a871bf8dc94237ef","/js/chunk-vendors.9c142348.js":"dc3f995fcb45e9caf08d013efc78baa38d5f35c27b888b1556fa051f91385f0d","/fonts/fa-brands-400.0e53fe4f.woff":"2db98d8dde662f6a81b6eed3681af89e36cf9537968fa5e78064e6f558211b52","/css/app.1eb10328.css":"0e709ce4e1ec113c5c93ea89fcb20e289e9086dca2c1dec53d99a3cc97ea307a","/fonts/fa-brands-400.9c02eaf6.ttf":"5f36a0bafe27a809eee94935e611793357c2f5c2ec4bcbb744b37cbe66a67c8d","/fonts/fa-solid-900.e67670b0.woff":"dbab76f5d6f5a0244556eb1c11b18d6e9d07db463477f57f461e71c292598789","/fonts/fa-brands-400.b2970adc.eot":"e3671a7182bce691839cdb481fe288746bbfbd2dead9145b02917827b6964eeb","/fonts/fa-solid-900.d5b0a356.ttf":"a39e0e26e6fac997102da11974df69ba0c1b8d058fd5319dbfbfe2122b392e2c","/fonts/fa-solid-900.974801a4.eot":"23216072b833b022dd07734c0098caa2b2610e52e4f6cf727488f9db06c90fdd","/js/app.54287eab.js.map":"317a9499df01e0e4adcf49ffacbd7a5bfc09cea6018589a3348c14eeb17df1e5","/img/fa-solid-900.19a80279.svg":"81a057a5f0f9ab8972f9421914b5c4abe34120437be87f52ec525af0a33549d5","/img/fa-brands-400.3bed6ff8.svg":"56703586a749a9ddf2bd138874e4f3dd17ace3f5a8c249a1d81f5536c3dabf51","/js/chunk-vendors.9c142348.js.map":"21226c5b2a97297f75aa1e24b4f35688251366406c95543fab6ae3ff9d0eede1"}}
[debug] [2023-11-06T16:55:54.289Z] <<< [apiv2][status] POST https://firebasehosting.googleapis.com/v1beta1/projects/1014297887808/sites/beatmania-pro/versions/dfb5edc9f523b49f:populateFiles 200
[debug] [2023-11-06T16:55:54.289Z] <<< [apiv2][body] POST https://firebasehosting.googleapis.com/v1beta1/projects/1014297887808/sites/beatmania-pro/versions/dfb5edc9f523b49f:populateFiles {"uploadRequiredHashes":["95d94498ee39206b9f7a54cda7c94bfdd3036e7affda738fe71c1e3a007134ea","0e709ce4e1ec113c5c93ea89fcb20e289e9086dca2c1dec53d99a3cc97ea307a","1d06327f504026c03e6b942b0cdec64ea2c25ce3038b36d0331e0b59f9ec3021","317a9499df01e0e4adcf49ffacbd7a5bfc09cea6018589a3348c14eeb17df1e5"],"uploadUrl":"https://upload-firebasehosting.googleapis.com/upload/sites/beatmania-pro/versions/dfb5edc9f523b49f/files"}
[debug] [2023-11-06T16:55:54.292Z] >>> [apiv2][query] POST https://upload-firebasehosting.googleapis.com/upload/sites/beatmania-pro/versions/dfb5edc9f523b49f/files/95d94498ee39206b9f7a54cda7c94bfdd3036e7affda738fe71c1e3a007134ea [none]
[debug] [2023-11-06T16:55:54.292Z] >>> [apiv2][body] POST https://upload-firebasehosting.googleapis.com/upload/sites/beatmania-pro/versions/dfb5edc9f523b49f/files/95d94498ee39206b9f7a54cda7c94bfdd3036e7affda738fe71c1e3a007134ea [stream]
[debug] [2023-11-06T16:55:54.297Z] >>> [apiv2][query] POST https://upload-firebasehosting.googleapis.com/upload/sites/beatmania-pro/versions/dfb5edc9f523b49f/files/0e709ce4e1ec113c5c93ea89fcb20e289e9086dca2c1dec53d99a3cc97ea307a [none]
[debug] [2023-11-06T16:55:54.297Z] >>> [apiv2][body] POST https://upload-firebasehosting.googleapis.com/upload/sites/beatmania-pro/versions/dfb5edc9f523b49f/files/0e709ce4e1ec113c5c93ea89fcb20e289e9086dca2c1dec53d99a3cc97ea307a [stream]
[debug] [2023-11-06T16:55:54.297Z] >>> [apiv2][query] POST https://upload-firebasehosting.googleapis.com/upload/sites/beatmania-pro/versions/dfb5edc9f523b49f/files/1d06327f504026c03e6b942b0cdec64ea2c25ce3038b36d0331e0b59f9ec3021 [none]
[debug] [2023-11-06T16:55:54.297Z] >>> [apiv2][body] POST https://upload-firebasehosting.googleapis.com/upload/sites/beatmania-pro/versions/dfb5edc9f523b49f/files/1d06327f504026c03e6b942b0cdec64ea2c25ce3038b36d0331e0b59f9ec3021 [stream]
[debug] [2023-11-06T16:55:54.297Z] >>> [apiv2][query] POST https://upload-firebasehosting.googleapis.com/upload/sites/beatmania-pro/versions/dfb5edc9f523b49f/files/317a9499df01e0e4adcf49ffacbd7a5bfc09cea6018589a3348c14eeb17df1e5 [none]
[debug] [2023-11-06T16:55:54.297Z] >>> [apiv2][body] POST https://upload-firebasehosting.googleapis.com/upload/sites/beatmania-pro/versions/dfb5edc9f523b49f/files/317a9499df01e0e4adcf49ffacbd7a5bfc09cea6018589a3348c14eeb17df1e5 [stream]
[debug] [2023-11-06T16:55:54.298Z] [hosting][populate queue][FINAL] {"max":705,"min":705,"avg":705,"active":0,"complete":1,"success":1,"errored":0,"retried":0,"total":1,"elapsed":711}
[debug] [2023-11-06T16:55:54.298Z] [hosting] uploads queued: 4
[debug] [2023-11-06T16:55:55.520Z] <<< [apiv2][status] POST https://upload-firebasehosting.googleapis.com/upload/sites/beatmania-pro/versions/dfb5edc9f523b49f/files/1d06327f504026c03e6b942b0cdec64ea2c25ce3038b36d0331e0b59f9ec3021 200
[debug] [2023-11-06T16:55:55.520Z] <<< [apiv2][body] POST https://upload-firebasehosting.googleapis.com/upload/sites/beatmania-pro/versions/dfb5edc9f523b49f/files/1d06327f504026c03e6b942b0cdec64ea2c25ce3038b36d0331e0b59f9ec3021 [stream]
[debug] [2023-11-06T16:55:55.520Z] <<< [apiv2][status] POST https://upload-firebasehosting.googleapis.com/upload/sites/beatmania-pro/versions/dfb5edc9f523b49f/files/95d94498ee39206b9f7a54cda7c94bfdd3036e7affda738fe71c1e3a007134ea 200
[debug] [2023-11-06T16:55:55.520Z] <<< [apiv2][body] POST https://upload-firebasehosting.googleapis.com/upload/sites/beatmania-pro/versions/dfb5edc9f523b49f/files/95d94498ee39206b9f7a54cda7c94bfdd3036e7affda738fe71c1e3a007134ea [stream]
[debug] [2023-11-06T16:55:55.540Z] <<< [apiv2][status] POST https://upload-firebasehosting.googleapis.com/upload/sites/beatmania-pro/versions/dfb5edc9f523b49f/files/317a9499df01e0e4adcf49ffacbd7a5bfc09cea6018589a3348c14eeb17df1e5 200
[debug] [2023-11-06T16:55:55.540Z] <<< [apiv2][body] POST https://upload-firebasehosting.googleapis.com/upload/sites/beatmania-pro/versions/dfb5edc9f523b49f/files/317a9499df01e0e4adcf49ffacbd7a5bfc09cea6018589a3348c14eeb17df1e5 [stream]
[debug] [2023-11-06T16:55:56.117Z] <<< [apiv2][status] POST https://upload-firebasehosting.googleapis.com/upload/sites/beatmania-pro/versions/dfb5edc9f523b49f/files/0e709ce4e1ec113c5c93ea89fcb20e289e9086dca2c1dec53d99a3cc97ea307a 200
[debug] [2023-11-06T16:55:56.118Z] <<< [apiv2][body] POST https://upload-firebasehosting.googleapis.com/upload/sites/beatmania-pro/versions/dfb5edc9f523b49f/files/0e709ce4e1ec113c5c93ea89fcb20e289e9086dca2c1dec53d99a3cc97ea307a [stream]
[debug] [2023-11-06T16:55:56.118Z] [hosting][upload queue][FINAL] {"max":1827,"min":1229,"avg":1383.5,"active":0,"complete":4,"success":4,"errored":0,"retried":0,"total":4,"elapsed":1828}
[info] ✔  hosting[beatmania-pro]: file upload complete 
[debug] [2023-11-06T16:55:56.122Z] [hosting] deploy completed after 2736ms
[debug] [2023-11-06T16:55:56.122Z] [
  {
    "config": {
      "public": "dist",
      "ignore": [
        "firebase.json",
        "**/.*",
        "**/node_modules/**"
      ],
      "rewrites": [
        {
          "source": "**",
          "destination": "/index.html"
        }
      ],
      "site": "beatmania-pro"
    },
    "version": "projects/1014297887808/sites/beatmania-pro/versions/dfb5edc9f523b49f"
  }
]
[info] i  hosting[beatmania-pro]: finalizing version... 
[debug] [2023-11-06T16:55:56.127Z] >>> [apiv2][query] PATCH https://firebasehosting.googleapis.com/v1beta1/projects/-/sites/beatmania-pro/versions/dfb5edc9f523b49f updateMask=status%2Cconfig
[debug] [2023-11-06T16:55:56.127Z] >>> [apiv2][body] PATCH https://firebasehosting.googleapis.com/v1beta1/projects/-/sites/beatmania-pro/versions/dfb5edc9f523b49f {"status":"FINALIZED","config":{"rewrites":[{"glob":"**","path":"/index.html"}]}}
[debug] [2023-11-06T16:55:56.742Z] <<< [apiv2][status] PATCH https://firebasehosting.googleapis.com/v1beta1/projects/-/sites/beatmania-pro/versions/dfb5edc9f523b49f 200
[debug] [2023-11-06T16:55:56.743Z] <<< [apiv2][body] PATCH https://firebasehosting.googleapis.com/v1beta1/projects/-/sites/beatmania-pro/versions/dfb5edc9f523b49f {"name":"projects/1014297887808/sites/beatmania-pro/versions/dfb5edc9f523b49f","status":"FINALIZED","config":{"rewrites":[{"glob":"**","path":"/index.html"}]},"labels":{"deployment-tool":"cli-firebase"},"createTime":"2023-11-06T16:55:52.979717Z","createUser":{"email":"thebenjaboyy@gmail.com"},"finalizeTime":"2023-11-06T16:55:56.637219Z","finalizeUser":{"email":"thebenjaboyy@gmail.com"}}
[debug] [2023-11-06T16:55:56.746Z] [hosting] finalized version for beatmania-pro:[object Object]
[info] ✔  hosting[beatmania-pro]: version finalized 
[info] i  hosting[beatmania-pro]: releasing new version... 
[debug] [2023-11-06T16:55:56.748Z] >>> [apiv2][query] POST https://firebasehosting.googleapis.com/v1beta1/projects/-/sites/beatmania-pro/channels/live/releases versionName=projects%2F1014297887808%2Fsites%2Fbeatmania-pro%2Fversions%2Fdfb5edc9f523b49f
[debug] [2023-11-06T16:55:56.748Z] >>> [apiv2][body] POST https://firebasehosting.googleapis.com/v1beta1/projects/-/sites/beatmania-pro/channels/live/releases {}
